\BOOKMARK [1][-]{section.1}{\376\377\000I\000n\000t\000r\000o\000d\000u\000c\000t\000i\000o\000n}{}% 1
\BOOKMARK [2][-]{subsection.1.1}{\376\377\000M\000o\000t\000i\000v\000a\000t\000i\000o\000n\000\040\000a\000n\000d\000\040\000p\000r\000o\000b\000l\000e\000m}{section.1}% 2
\BOOKMARK [2][-]{subsection.1.2}{\376\377\000C\000a\000l\000i\000b\000r\000a\000t\000i\000o\000n\000\040\000a\000n\000d\000\040\000n\000o\000n\040\023\000c\000i\000r\000c\000u\000l\000a\000r\000\040\000a\000u\000d\000i\000t\000\040\000\050\000f\000i\000x\000e\000d\000\040\000o\000n\000c\000e\000,\000\040\000h\000e\000l\000d\040\023\000o\000u\000t\000\051}{section.1}% 3
\BOOKMARK [2][-]{subsection.1.3}{\376\377\000W\000h\000a\000t\000\040\000w\000e\000\040\000c\000l\000a\000i\000m\000\040\000\050\000c\000l\000e\000a\000n\000\040\000l\000i\000s\000t\000\051}{section.1}% 4
\BOOKMARK [2][-]{subsection.1.4}{\376\377\000S\000c\000o\000p\000e\000\040\000a\000n\000d\000\040\000f\000a\000l\000s\000i\000f\000i\000e\000r\000s}{section.1}% 5
\BOOKMARK [1][-]{section.2}{\376\377\000S\000t\000a\000n\000d\000a\000r\000d\040\023\000M\000o\000d\000e\000l\000\040\000R\000G\000\040\000a\000t\000\040\000a\000\040\000S\000i\000n\000g\000l\000e\000\040\000A\000n\000c\000h\000o\000r\000\040\000\050\000m\000e\000t\000h\000o\000d\000s\000,\000\040\000s\000t\000a\000n\000d\000a\000r\000d\000\040\000n\000o\000t\000a\000t\000i\000o\000n\000\051}{}% 6
\BOOKMARK [2][-]{subsection.2.1}{\376\377\000D\000e\000f\000i\000n\000i\000t\000i\000o\000n\000s\000\040\000a\000n\000d\000\040\000k\000e\000r\000n\000e\000l\000s}{section.2}% 7
\BOOKMARK [2][-]{subsection.2.2}{\376\377\000T\000h\000r\000e\000s\000h\000o\000l\000d\000\040\000p\000o\000l\000i\000c\000y\000\040\000a\000n\000d\000\040\000m\000a\000t\000c\000h\000i\000n\000g}{section.2}% 8
\BOOKMARK [2][-]{subsection.2.3}{\376\377\000A\000n\000c\000h\000o\000r\000\040}{section.2}% 9
\BOOKMARK [1][-]{section.3}{\376\377\000N\000o\000n\040\023\000c\000i\000r\000c\000u\000l\000a\000r\000\040\000t\000r\000a\000n\000s\000p\000o\000r\000t\000\040\000\050\000u\000s\000e\000d\000\040\000i\000n\000\040\000a\000l\000l\000\040\000c\000o\000m\000p\000a\000r\000i\000s\000o\000n\000s\000\051}{}% 10
\BOOKMARK [1][-]{section.4}{\376\377\000C\000a\000l\000i\000b\000r\000a\000t\000i\000o\000n\000\040\000a\000n\000d\000\040\000N\000o\000n\040\023\000C\000i\000r\000c\000u\000l\000a\000r\000i\000t\000y\000\040\000\050\000f\000i\000x\000e\000d\000\040\000o\000n\000c\000e\000,\000\040\000h\000e\000l\000d\000\040\000o\000u\000t\000\051}{}% 11
\BOOKMARK [1][-]{section.5}{\376\377\000M\000o\000t\000i\000f\000\040\000r\000e\000g\000r\000o\000u\000p\000i\000n\000g\000\040\000a\000n\000d\000\040\000t\000h\000e\000\040\000c\000h\000a\000r\000g\000e\000-\000s\000t\000r\000u\000c\000t\000u\000r\000e\000d\000\040\000i\000n\000t\000e\000g\000e\000r\000\040\000Z}{}% 12
\BOOKMARK [2][-]{subsection.5.1}{\376\377\000S\000p\000e\000c\000i\000e\000s\040\023\000i\000n\000d\000e\000p\000e\000n\000d\000e\000n\000t\000\040\000m\000o\000t\000i\000f\000\040\000d\000i\000c\000t\000i\000o\000n\000a\000r\000y}{section.5}% 13
\BOOKMARK [2][-]{subsection.5.2}{\376\377\000C\000h\000a\000r\000g\000e\040\023\000s\000t\000r\000u\000c\000t\000u\000r\000e\000d\000\040\000i\000n\000d\000e\000x\000\040\000a\000n\000d\000\040\000t\000h\000e\000\040\000c\000l\000o\000s\000e\000d\000\040\000f\000o\000r\000m\000\040\000o\000f\000\040\000Z}{section.5}% 14
\BOOKMARK [2][-]{subsection.5.3}{\376\377\000M\000i\000n\000i\000m\000a\000l\000\040\000d\000e\000p\000e\000n\000d\000e\000n\000c\000e\000\040\000o\000n\000\040\000r\000e\000p\000r\000e\000s\000e\000n\000t\000a\000t\000i\000o\000n\000\040\000d\000e\000t\000a\000i\000l\000s}{section.5}% 15
\BOOKMARK [1][-]{section.6}{\376\377\000A\000n\000c\000h\000o\000r\000-\000l\000e\000v\000e\000l\000\040\000o\000b\000s\000e\000r\000v\000a\000t\000i\000o\000n\000\040\000\050\000p\000h\000e\000n\000o\000m\000e\000n\000o\000l\000o\000g\000y\000\040\000f\000r\000a\000m\000i\000n\000g\000\051}{}% 16
\BOOKMARK [2][-]{subsection.6.1}{\376\377\000D\000e\000f\000i\000n\000i\000t\000i\000o\000n\000\040\000o\000f\000\040\000q\000u\000a\000n\000t\000i\000t\000i\000e\000s\000\040\000a\000n\000d\000\040\000o\000b\000s\000e\000r\000v\000a\000t\000i\000o\000n}{section.6}% 17
\BOOKMARK [2][-]{subsection.6.2}{\376\377\000N\000o\000r\000m\000a\000l\000i\000z\000e\000d\000\040\000f\000l\000o\000w\000\040\000O\000D\000E\000\040\000a\000n\000d\000\040\000s\000o\000l\000u\000t\000i\000o\000n\000.}{section.6}% 18
\BOOKMARK [2][-]{subsection.6.3}{\376\377\000W\000h\000y\000\040\000t\000h\000e\000\040\000m\000u\000l\000t\000i\040\023\000l\000o\000o\000p\000\040\000r\000e\000s\000i\000d\000u\000e\000\040\000r\000e\000o\000r\000g\000a\000n\000i\000z\000e\000s\000\040\000t\000o\000\040\000a\000\040\000s\000i\000n\000g\000l\000e\000\040\000\173\000,\000,\000\175\000\040\000t\000r\000i\000p\000l\000e\000.}{section.6}% 19
\BOOKMARK [2][-]{subsection.6.4}{\376\377\000N\000u\000m\000e\000r\000i\000c\000a\000l\000\040\000v\000e\000r\000i\000f\000i\000c\000a\000t\000i\000o\000n\000\040\000\050\000b\000r\000i\000e\000f\000\051\000.}{section.6}% 20
\BOOKMARK [1][-]{section.7}{\376\377\000C\000o\000n\000s\000e\000q\000u\000e\000n\000c\000e\000s\000\040\000a\000t\000\040\000t\000h\000e\000\040\000A\000n\000c\000h\000o\000r}{}% 21
\BOOKMARK [2][-]{subsection.7.1}{\376\377\000E\000q\000u\000a\000l\040\023\000Z\000\040\000r\000e\000s\000i\000d\000u\000e\000\040\000d\000e\000g\000e\000n\000e\000r\000a\000c\000y}{section.7}% 22
\BOOKMARK [2][-]{subsection.7.2}{\376\377\000A\000n\000c\000h\000o\000r\000\040\000m\000a\000s\000s\000\040\000r\000a\000t\000i\000o\000s\000\040\000\050\000p\000h\000e\000n\000o\000m\000e\000n\000o\000l\000o\000g\000i\000c\000a\000l\000\040\000o\000b\000s\000e\000r\000v\000a\000t\000i\000o\000n\000\051}{section.7}% 23
\BOOKMARK [2][-]{subsection.7.3}{\376\377\000O\000f\000f\040\023\000a\000n\000c\000h\000o\000r\000\040\000e\000x\000p\000a\000n\000s\000i\000o\000n\000\040\000\050\000f\000i\000r\000s\000t\040\023\000o\000r\000d\000e\000r\000\040\000s\000t\000a\000t\000i\000o\000n\000a\000r\000i\000t\000y\000\051}{section.7}% 24
\BOOKMARK [1][-]{section.8}{\376\377\000R\000o\000b\000u\000s\000t\000n\000e\000s\000s\000\040\000a\000n\000d\000\040\000A\000b\000l\000a\000t\000i\000o\000n\000s}{}% 25
\BOOKMARK [2][-]{subsection.8.1}{\376\377\000S\000c\000h\000e\000m\000e\000\040\000a\000n\000d\000\040\000t\000h\000r\000e\000s\000h\000o\000l\000d\000\040\000v\000a\000r\000i\000a\000t\000i\000o\000n\000s}{section.8}% 26
\BOOKMARK [2][-]{subsection.8.2}{\376\377\000L\000o\000o\000p\040\023\000o\000r\000d\000e\000r\000\040\000s\000t\000a\000b\000i\000l\000i\000t\000y}{section.8}% 27
\BOOKMARK [2][-]{subsection.8.3}{\376\377\000\050\000\051\000\040\000p\000o\000l\000i\000c\000y\000\040\000b\000a\000n\000d}{section.8}% 28
\BOOKMARK [2][-]{subsection.8.4}{\376\377\000Z\040\023\000m\000a\000p\000\040\000a\000b\000l\000a\000t\000i\000o\000n\000s\000\040\000\050\000s\000p\000e\000c\000i\000f\000i\000c\000i\000t\000y\000\051}{section.8}% 29
\BOOKMARK [2][-]{subsection.8.5}{\376\377\000I\000R\040\023\000s\000t\000a\000b\000i\000l\000i\000t\000y\000\040\000f\000o\000r\000\040\000l\000i\000g\000h\000t\000\040\000q\000u\000a\000r\000k\000s}{section.8}% 30
\BOOKMARK [1][-]{section.9}{\376\377\000A\000c\000k\000n\000o\000w\000l\000e\000d\000g\000m\000e\000n\000t\000s}{}% 31
\BOOKMARK [1][-]{section.10}{\376\377\000D\000a\000t\000a\000\040\000a\000n\000d\000\040\000C\000o\000d\000e\000\040\000A\000v\000a\000i\000l\000a\000b\000i\000l\000i\000t\000y}{}% 32
\BOOKMARK [1][-]{section.11}{\376\377\000R\000e\000p\000r\000o\000d\000u\000c\000i\000b\000i\000l\000i\000t\000y\000,\000\040\000A\000r\000t\000i\000f\000a\000c\000t\000s\000,\000\040\000a\000n\000d\000\040\000C\000I}{}% 33
\BOOKMARK [2][-]{subsection.11.1}{\376\377\000O\000n\000e\040\021\000c\000o\000m\000m\000a\000n\000d\000\040\000b\000u\000i\000l\000d\000\040\000\050\000s\000c\000r\000i\000p\000t\000,\000\040\000l\000o\000g\000,\000\040\000p\000i\000n\000s\000,\000\040\000C\000I\000\051}{section.11}% 34
\BOOKMARK [2][-]{subsection.11.2}{\376\377\000A\000r\000t\000i\000f\000a\000c\000t\000\040\000l\000i\000s\000t\000\040\000\050\000n\000a\000m\000e\000d\000,\000\040\000s\000e\000l\000f\040\021\000d\000e\000s\000c\000r\000i\000b\000i\000n\000g\000,\000\040\000n\000o\000\040\000e\000x\000t\000e\000r\000n\000a\000l\000\040\000l\000i\000n\000k\000s\000\051}{section.11}% 35
\BOOKMARK [2][-]{subsection.11.3}{\376\377\000N\000o\000n\040\021\000c\000i\000r\000c\000u\000l\000a\000r\000i\000t\000y\000\040\000a\000u\000d\000i\000t\000\040\000\050\000t\000r\000a\000n\000s\000p\000o\000r\000t\000,\000\040\000t\000h\000e\000n\000\040\000c\000o\000m\000p\000a\000r\000e\000;\000\040\000n\000e\000v\000e\000r\000\040\000f\000i\000t\000\051}{section.11}% 36
\BOOKMARK [1][-]{section.12}{\376\377\000D\000i\000s\000c\000u\000s\000s\000i\000o\000n\000\040\000a\000n\000d\000\040\000O\000u\000t\000l\000o\000o\000k}{}% 37
\BOOKMARK [1][-]{appendix.A}{\376\377\000M\000u\000l\000t\000i\040\023\000l\000o\000o\000p\000\040\000r\000e\000o\000r\000g\000a\000n\000i\000z\000a\000t\000i\000o\000n\000\040\000a\000n\000d\000\040\000t\000h\000e\000\040\000t\000r\000i\000p\000l\000e\000\040\000\173\000\137\000*\000,\000\134\000l\000a\000m\000b\000d\000a\000,\000\134\000k\000a\000p\000p\000a\000\175}{}% 38
\BOOKMARK [1][-]{appendix.B}{\376\377\000Q\000C\000D\000/\000Q\000E\000D\000\040\000k\000e\000r\000n\000e\000l\000s\000\040\000a\000n\000d\000\040\000r\000u\000n\000n\000i\000n\000g\000\040\000\050\000M\000S\000\051}{}% 39
\BOOKMARK [1][-]{appendix.C}{\376\377\000M\000o\000t\000i\000f\000\040\000d\000i\000c\000t\000i\000o\000n\000a\000r\000y\000\040\000a\000n\000d\000\040\000t\000h\000e\000\040\000i\000n\000t\000e\000g\000e\000r\000\040\000Z}{}% 40
\BOOKMARK [1][-]{appendix.D}{\376\377\000E\000q\000u\000a\000l\000i\000t\000y\000\040\000C\000S\000V\000\040\000s\000c\000h\000e\000m\000a\000\040\000a\000n\000d\000\040\000C\000I\000\040\000c\000h\000e\000c\000k\000s}{}% 41
\BOOKMARK [1][-]{appendix.E}{\376\377\000P\000h\000e\000n\000o\000m\000e\000n\000o\000l\000o\000g\000i\000c\000a\000l\000\040\000o\000b\000s\000e\000r\000v\000a\000t\000i\000o\000n\000:\000\040\000a\000n\000c\000h\000o\000r\040\023\000r\000a\000t\000i\000o\000\040\000p\000o\000w\000e\000r\000s}{}% 42
\BOOKMARK [1][-]{appendix.F}{\376\377\000M\000o\000t\000i\000f\000\040\000r\000e\000g\000r\000o\000u\000p\000i\000n\000g\000\040\000o\000f\000\040\000m\000\040\000a\000n\000d\000\040\000t\000h\000e\000\040\000s\000t\000a\000t\000i\000o\000n\000a\000r\000i\000t\000y\000\040\000l\000e\000m\000m\000a\000\040\000a\000t\000\040\000a\000\040\000s\000i\000n\000g\000l\000e\000\040\000a\000n\000c\000h\000o\000r}{}% 43
\BOOKMARK [1][-]{appendix.G}{\376\377\000S\000k\000e\000p\000t\000i\000c\000'\000s\000\040\000C\000h\000e\000c\000k\000l\000i\000s\000t\000\040\000\050\000r\000e\000f\000e\000r\000e\000e\000\040\000q\000u\000i\000c\000k\000\040\000s\000c\000a\000n\000\051}{}% 44
\BOOKMARK [1][-]{appendix.G}{\376\377\000A\000p\000p\000e\000n\000d\000i\000x\000\040\000G\000.\000\040\000S\000k\000e\000p\000t\000i\000c\000'\000s\000\040\000C\000h\000e\000c\000k\000l\000i\000s\000t}{}% 45
